<?xml version="1.0" encoding="UTF-8"?>
<!-- Generated by org.testng.reporters.JUnitXMLReporter -->
<testsuite ignored="1" hostname="Revathi" failures="0" tests="6" name="Test" time="46.727" errors="0" timestamp="2025-04-24T20:27:31 CEST">
  <testcase classname="testCases.TC002_LoginTest" name="verify_Login_Test" time="1.696"/>
  <testcase classname="testCases.TC003_LoginDDT" name="verify_login" time="2.247"/>
  <testcase classname="testCases.TC003_LoginDDT" name="verify_login" time="10.625"/>
  <testcase classname="testCases.TC003_LoginDDT" name="verify_login" time="10.902"/>
  <testcase classname="testCases.TC003_LoginDDT" name="verify_login" time="2.285"/>
  <testcase classname="testCases.TC003_LoginDDT" name="verify_login" time="11.329"/>
  <testcase classname="testCases.TC001_AccountRegistrationTest" name="verify_Account_Registration" time="0.0">
    <ignored/>
  </testcase> <!-- verify_Account_Registration -->
</testsuite> <!-- Test -->
