<?xml version="1.0" encoding="UTF-8"?>
<!-- Generated by org.testng.reporters.JUnitXMLReporter -->
<testsuite ignored="0" hostname="Revathi" failures="0" tests="5" name="Test" time="51.77" errors="0" timestamp="2025-04-26T10:20:22 CEST">
  <testcase classname="testCases.TC003_LoginDDT" name="verify_login" time="3.396"/>
  <testcase classname="testCases.TC003_LoginDDT" name="verify_login" time="11.715"/>
  <testcase classname="testCases.TC003_LoginDDT" name="verify_login" time="12.146"/>
  <testcase classname="testCases.TC003_LoginDDT" name="verify_login" time="3.755"/>
  <testcase classname="testCases.TC003_LoginDDT" name="verify_login" time="12.116"/>
</testsuite> <!-- Test -->
