<?xml version="1.0" encoding="UTF-8"?>
<!-- Generated by org.testng.reporters.JUnitXMLReporter -->
<testsuite ignored="1" hostname="Revathi" failures="0" tests="6" name="Test" time="53.377" errors="0" timestamp="2025-04-25T18:21:02 CEST">
  <testcase classname="testCases.TC002_LoginTest" name="verify_Login_Test" time="2.336"/>
  <testcase classname="testCases.TC003_LoginDDT" name="verify_login" time="2.911"/>
  <testcase classname="testCases.TC003_LoginDDT" name="verify_login" time="10.911"/>
  <testcase classname="testCases.TC003_LoginDDT" name="verify_login" time="11.254"/>
  <testcase classname="testCases.TC003_LoginDDT" name="verify_login" time="3.097"/>
  <testcase classname="testCases.TC003_LoginDDT" name="verify_login" time="10.881"/>
  <testcase classname="testCases.TC001_AccountRegistrationTest" name="verify_Account_Registration" time="0.0">
    <ignored/>
  </testcase> <!-- verify_Account_Registration -->
</testsuite> <!-- Test -->
