<?xml version="1.0" encoding="UTF-8"?>
<!-- Generated by org.testng.reporters.JUnitXMLReporter -->
<testsuite ignored="0" hostname="Revathi" failures="0" tests="5" name="Test(failed)" time="45.597" errors="0" timestamp="2025-04-24T20:35:17 CEST">
  <testcase classname="testCases.TC003_LoginDDT" name="verify_login" time="2.519"/>
  <testcase classname="testCases.TC003_LoginDDT" name="verify_login" time="11.129"/>
  <testcase classname="testCases.TC003_LoginDDT" name="verify_login" time="10.942"/>
  <testcase classname="testCases.TC003_LoginDDT" name="verify_login" time="4.808"/>
  <testcase classname="testCases.TC003_LoginDDT" name="verify_login" time="10.767"/>
</testsuite> <!-- Test(failed) -->
