<?xml version="1.0" encoding="UTF-8"?>
<testng-results ignored="0" total="6" passed="6" failed="0" skipped="0">
  <reporter-output>
  </reporter-output>
  <suite started-at="2025-04-25T18:20:06 CEST" name="Suite" finished-at="2025-04-25T18:21:00 CEST" duration-ms="53377">
    <groups>
      <group name="sanity">
        <method signature="TC002_LoginTest.verify_Login_Test()[pri:0, instance:testCases.TC002_LoginTest@d41f816]" name="verify_Login_Test" class="testCases.TC002_LoginTest"/>
      </group> <!-- sanity -->
      <group name="Datadriven">
        <method signature="TC003_LoginDDT.verify_login(java.lang.String,java.lang.String,java.lang.String)[pri:0, instance:testCases.TC003_LoginDDT@5c2375a9]" name="verify_login" class="testCases.TC003_LoginDDT"/>
      </group> <!-- Datadriven -->
      <group name="master">
        <method signature="TC002_LoginTest.verify_Login_Test()[pri:0, instance:testCases.TC002_LoginTest@d41f816]" name="verify_Login_Test" class="testCases.TC002_LoginTest"/>
      </group> <!-- master -->
    </groups>
    <test started-at="2025-04-25T18:20:06 CEST" name="Test" finished-at="2025-04-25T18:21:00 CEST" duration-ms="53377">
      <class name="testCases.TC002_LoginTest">
        <test-method is-config="true" signature="setup(java.lang.String,java.lang.String)[pri:0, instance:testCases.TC002_LoginTest@d41f816]" started-at="2025-04-25T18:20:07 CEST" name="setup" finished-at="2025-04-25T18:20:12 CEST" duration-ms="5493" status="PASS">
          <params>
            <param index="0">
              <value>
                <![CDATA[windows]]>
              </value>
            </param>
            <param index="1">
              <value>
                <![CDATA[chrome]]>
              </value>
            </param>
          </params>
          <reporter-output>
          </reporter-output>
        </test-method> <!-- setup -->
        <test-method signature="verify_Login_Test()[pri:0, instance:testCases.TC002_LoginTest@d41f816]" started-at="2025-04-25T18:20:12 CEST" name="verify_Login_Test" finished-at="2025-04-25T18:20:15 CEST" duration-ms="2336" status="PASS">
          <reporter-output>
          </reporter-output>
        </test-method> <!-- verify_Login_Test -->
        <test-method is-config="true" signature="tearDown()[pri:0, instance:testCases.TC002_LoginTest@d41f816]" started-at="2025-04-25T18:20:15 CEST" name="tearDown" finished-at="2025-04-25T18:20:15 CEST" duration-ms="413" status="PASS">
          <reporter-output>
          </reporter-output>
        </test-method> <!-- tearDown -->
      </class> <!-- testCases.TC002_LoginTest -->
      <class name="testCases.TC003_LoginDDT">
        <test-method is-config="true" signature="setup(java.lang.String,java.lang.String)[pri:0, instance:testCases.TC003_LoginDDT@5c2375a9]" started-at="2025-04-25T18:20:15 CEST" name="setup" finished-at="2025-04-25T18:20:18 CEST" duration-ms="3359" status="PASS">
          <params>
            <param index="0">
              <value>
                <![CDATA[windows]]>
              </value>
            </param>
            <param index="1">
              <value>
                <![CDATA[chrome]]>
              </value>
            </param>
          </params>
          <reporter-output>
          </reporter-output>
        </test-method> <!-- setup -->
        <test-method signature="verify_login(java.lang.String,java.lang.String,java.lang.String)[pri:0, instance:testCases.TC003_LoginDDT@5c2375a9]" started-at="2025-04-25T18:20:20 CEST" name="verify_login" data-provider="LoginData" finished-at="2025-04-25T18:20:23 CEST" duration-ms="2911" status="PASS">
          <params>
            <param index="0">
              <value>
                <![CDATA[sri.pothineni@gmail.com]]>
              </value>
            </param>
            <param index="1">
              <value>
                <![CDATA[srinath123]]>
              </value>
            </param>
            <param index="2">
              <value>
                <![CDATA[Valid]]>
              </value>
            </param>
          </params>
          <reporter-output>
          </reporter-output>
        </test-method> <!-- verify_login -->
        <test-method signature="verify_login(java.lang.String,java.lang.String,java.lang.String)[pri:0, instance:testCases.TC003_LoginDDT@5c2375a9]" started-at="2025-04-25T18:20:23 CEST" name="verify_login" data-provider="LoginData" finished-at="2025-04-25T18:20:34 CEST" duration-ms="10911" status="PASS">
          <params>
            <param index="0">
              <value>
                <![CDATA[eenadu@gmail.com]]>
              </value>
            </param>
            <param index="1">
              <value>
                <![CDATA[test123]]>
              </value>
            </param>
            <param index="2">
              <value>
                <![CDATA[Invalid]]>
              </value>
            </param>
          </params>
          <reporter-output>
          </reporter-output>
        </test-method> <!-- verify_login -->
        <test-method signature="verify_login(java.lang.String,java.lang.String,java.lang.String)[pri:0, instance:testCases.TC003_LoginDDT@5c2375a9]" started-at="2025-04-25T18:20:34 CEST" name="verify_login" data-provider="LoginData" finished-at="2025-04-25T18:20:45 CEST" duration-ms="11254" status="PASS">
          <params>
            <param index="0">
              <value>
                <![CDATA[test123@gmail.com]]>
              </value>
            </param>
            <param index="1">
              <value>
                <![CDATA[test123]]>
              </value>
            </param>
            <param index="2">
              <value>
                <![CDATA[Invalid]]>
              </value>
            </param>
          </params>
          <reporter-output>
          </reporter-output>
        </test-method> <!-- verify_login -->
        <test-method signature="verify_login(java.lang.String,java.lang.String,java.lang.String)[pri:0, instance:testCases.TC003_LoginDDT@5c2375a9]" started-at="2025-04-25T18:20:45 CEST" name="verify_login" data-provider="LoginData" finished-at="2025-04-25T18:20:48 CEST" duration-ms="3097" status="PASS">
          <params>
            <param index="0">
              <value>
                <![CDATA[abc123@gmail.com]]>
              </value>
            </param>
            <param index="1">
              <value>
                <![CDATA[test@123]]>
              </value>
            </param>
            <param index="2">
              <value>
                <![CDATA[Valid]]>
              </value>
            </param>
          </params>
          <reporter-output>
          </reporter-output>
        </test-method> <!-- verify_login -->
        <test-method signature="verify_login(java.lang.String,java.lang.String,java.lang.String)[pri:0, instance:testCases.TC003_LoginDDT@5c2375a9]" started-at="2025-04-25T18:20:48 CEST" name="verify_login" data-provider="LoginData" finished-at="2025-04-25T18:20:59 CEST" duration-ms="10881" status="PASS">
          <params>
            <param index="0">
              <value>
                <![CDATA[testtest@gmail.com]]>
              </value>
            </param>
            <param index="1">
              <value>
                <![CDATA[test123]]>
              </value>
            </param>
            <param index="2">
              <value>
                <![CDATA[Invalid]]>
              </value>
            </param>
          </params>
          <reporter-output>
          </reporter-output>
        </test-method> <!-- verify_login -->
        <test-method is-config="true" signature="tearDown()[pri:0, instance:testCases.TC003_LoginDDT@5c2375a9]" started-at="2025-04-25T18:20:59 CEST" name="tearDown" finished-at="2025-04-25T18:21:00 CEST" duration-ms="475" status="PASS">
          <reporter-output>
          </reporter-output>
        </test-method> <!-- tearDown -->
      </class> <!-- testCases.TC003_LoginDDT -->
    </test> <!-- Test -->
  </suite> <!-- Suite -->
</testng-results>
