<?xml version="1.0" encoding="UTF-8"?>
<testng-results ignored="0" total="1" passed="1" failed="0" skipped="0">
  <reporter-output>
  </reporter-output>
  <suite started-at="2025-04-26T15:47:16 CEST" name="Suite" finished-at="2025-04-26T15:47:22 CEST" duration-ms="5448">
    <groups>
      <group name="sanity">
        <method signature="TC002_LoginTest.verify_Login_Test()[pri:0, instance:testCases.TC002_LoginTest@306851c7]" name="verify_Login_Test" class="testCases.TC002_LoginTest"/>
      </group> <!-- sanity -->
      <group name="master">
        <method signature="TC002_LoginTest.verify_Login_Test()[pri:0, instance:testCases.TC002_LoginTest@306851c7]" name="verify_Login_Test" class="testCases.TC002_LoginTest"/>
      </group> <!-- master -->
    </groups>
    <test started-at="2025-04-26T15:47:16 CEST" name="Test" finished-at="2025-04-26T15:47:22 CEST" duration-ms="5448">
      <class name="testCases.TC002_LoginTest">
        <test-method is-config="true" signature="setup(java.lang.String,java.lang.String)[pri:0, instance:testCases.TC002_LoginTest@306851c7]" started-at="2025-04-26T15:47:17 CEST" name="setup" finished-at="2025-04-26T15:47:20 CEST" duration-ms="3351" status="PASS">
          <params>
            <param index="0">
              <value>
                <![CDATA[windows]]>
              </value>
            </param>
            <param index="1">
              <value>
                <![CDATA[chrome]]>
              </value>
            </param>
          </params>
          <reporter-output>
          </reporter-output>
        </test-method> <!-- setup -->
        <test-method signature="verify_Login_Test()[pri:0, instance:testCases.TC002_LoginTest@306851c7]" started-at="2025-04-26T15:47:20 CEST" name="verify_Login_Test" finished-at="2025-04-26T15:47:22 CEST" duration-ms="1708" status="PASS">
          <reporter-output>
          </reporter-output>
        </test-method> <!-- verify_Login_Test -->
        <test-method is-config="true" signature="tearDown()[pri:0, instance:testCases.TC002_LoginTest@306851c7]" started-at="2025-04-26T15:47:22 CEST" name="tearDown" finished-at="2025-04-26T15:47:22 CEST" duration-ms="214" status="PASS">
          <reporter-output>
          </reporter-output>
        </test-method> <!-- tearDown -->
      </class> <!-- testCases.TC002_LoginTest -->
    </test> <!-- Test -->
  </suite> <!-- Suite -->
</testng-results>
