<?xml version="1.0" encoding="UTF-8"?>
<testng-results ignored="0" total="5" passed="5" failed="0" skipped="0">
  <reporter-output>
  </reporter-output>
  <suite started-at="2025-04-24T20:34:30 CEST" name="Failed suite [Suite]" finished-at="2025-04-24T20:35:16 CEST" duration-ms="45597">
    <groups>
      <group name="Datadriven">
        <method signature="TC003_LoginDDT.verify_login(java.lang.String,java.lang.String,java.lang.String)[pri:0, instance:testCases.TC003_LoginDDT@f73dcd6]" name="verify_login" class="testCases.TC003_LoginDDT"/>
      </group> <!-- Datadriven -->
    </groups>
    <test started-at="2025-04-24T20:34:30 CEST" name="Test(failed)" finished-at="2025-04-24T20:35:16 CEST" duration-ms="45597">
      <class name="testCases.TC003_LoginDDT">
        <test-method is-config="true" signature="setup(java.lang.String,java.lang.String)[pri:0, instance:testCases.TC003_LoginDDT@f73dcd6]" started-at="2025-04-24T20:34:30 CEST" name="setup" finished-at="2025-04-24T20:34:34 CEST" duration-ms="4070" status="PASS">
          <params>
            <param index="0">
              <value>
                <![CDATA[windows]]>
              </value>
            </param>
            <param index="1">
              <value>
                <![CDATA[chrome]]>
              </value>
            </param>
          </params>
          <reporter-output>
          </reporter-output>
        </test-method> <!-- setup -->
        <test-method signature="verify_login(java.lang.String,java.lang.String,java.lang.String)[pri:0, instance:testCases.TC003_LoginDDT@f73dcd6]" started-at="2025-04-24T20:34:35 CEST" name="verify_login" data-provider="LoginData" finished-at="2025-04-24T20:34:38 CEST" duration-ms="2519" status="PASS">
          <params>
            <param index="0">
              <value>
                <![CDATA[sri.pothineni@gmail.com]]>
              </value>
            </param>
            <param index="1">
              <value>
                <![CDATA[srinath123]]>
              </value>
            </param>
            <param index="2">
              <value>
                <![CDATA[Valid]]>
              </value>
            </param>
          </params>
          <reporter-output>
          </reporter-output>
        </test-method> <!-- verify_login -->
        <test-method signature="verify_login(java.lang.String,java.lang.String,java.lang.String)[pri:0, instance:testCases.TC003_LoginDDT@f73dcd6]" started-at="2025-04-24T20:34:38 CEST" name="verify_login" data-provider="LoginData" finished-at="2025-04-24T20:34:49 CEST" duration-ms="11129" status="PASS">
          <params>
            <param index="0">
              <value>
                <![CDATA[eenadu@gmail.com]]>
              </value>
            </param>
            <param index="1">
              <value>
                <![CDATA[test123]]>
              </value>
            </param>
            <param index="2">
              <value>
                <![CDATA[Invalid]]>
              </value>
            </param>
          </params>
          <reporter-output>
          </reporter-output>
        </test-method> <!-- verify_login -->
        <test-method signature="verify_login(java.lang.String,java.lang.String,java.lang.String)[pri:0, instance:testCases.TC003_LoginDDT@f73dcd6]" started-at="2025-04-24T20:34:49 CEST" name="verify_login" data-provider="LoginData" finished-at="2025-04-24T20:35:00 CEST" duration-ms="10942" status="PASS">
          <params>
            <param index="0">
              <value>
                <![CDATA[test123@gmail.com]]>
              </value>
            </param>
            <param index="1">
              <value>
                <![CDATA[test123]]>
              </value>
            </param>
            <param index="2">
              <value>
                <![CDATA[Invalid]]>
              </value>
            </param>
          </params>
          <reporter-output>
          </reporter-output>
        </test-method> <!-- verify_login -->
        <test-method signature="verify_login(java.lang.String,java.lang.String,java.lang.String)[pri:0, instance:testCases.TC003_LoginDDT@f73dcd6]" started-at="2025-04-24T20:35:00 CEST" name="verify_login" data-provider="LoginData" finished-at="2025-04-24T20:35:05 CEST" duration-ms="4808" status="PASS">
          <params>
            <param index="0">
              <value>
                <![CDATA[abc123@gmail.com]]>
              </value>
            </param>
            <param index="1">
              <value>
                <![CDATA[test@123]]>
              </value>
            </param>
            <param index="2">
              <value>
                <![CDATA[Valid]]>
              </value>
            </param>
          </params>
          <reporter-output>
          </reporter-output>
        </test-method> <!-- verify_login -->
        <test-method signature="verify_login(java.lang.String,java.lang.String,java.lang.String)[pri:0, instance:testCases.TC003_LoginDDT@f73dcd6]" started-at="2025-04-24T20:35:05 CEST" name="verify_login" data-provider="LoginData" finished-at="2025-04-24T20:35:15 CEST" duration-ms="10767" status="PASS">
          <params>
            <param index="0">
              <value>
                <![CDATA[testtest@gmail.com]]>
              </value>
            </param>
            <param index="1">
              <value>
                <![CDATA[test123]]>
              </value>
            </param>
            <param index="2">
              <value>
                <![CDATA[Invalid]]>
              </value>
            </param>
          </params>
          <reporter-output>
          </reporter-output>
        </test-method> <!-- verify_login -->
        <test-method is-config="true" signature="tearDown()[pri:0, instance:testCases.TC003_LoginDDT@f73dcd6]" started-at="2025-04-24T20:35:15 CEST" name="tearDown" finished-at="2025-04-24T20:35:16 CEST" duration-ms="281" status="PASS">
          <reporter-output>
          </reporter-output>
        </test-method> <!-- tearDown -->
      </class> <!-- testCases.TC003_LoginDDT -->
    </test> <!-- Test(failed) -->
  </suite> <!-- Failed suite [Suite] -->
</testng-results>
